<?xml version="1.0" encoding="UTF-8"?>
<testng-results ignored="0" total="2" passed="2" failed="0" skipped="0">
  <reporter-output>
  </reporter-output>
  <suite started-at="2019-12-29T19:07:16 IST" name="Suite" finished-at="2019-12-29T19:07:16 IST" duration-ms="89">
    <groups>
    </groups>
    <test started-at="2019-12-29T19:07:16 IST" name="Test" finished-at="2019-12-29T19:07:16 IST" duration-ms="89">
      <class name="TestCases.MyAppiumTest">
        <test-method signature="iosApp1s()[pri:0, instance:TestCases.MyAppiumTest@157853da]" started-at="2019-12-29T19:07:16 IST" name="iosApp1s" finished-at="2019-12-29T19:07:16 IST" duration-ms="18" status="PASS">
          <reporter-output>
          </reporter-output>
        </test-method> <!-- iosApp1s -->
        <test-method signature="nativeAppAndroid1()[pri:0, instance:TestCases.MyAppiumTest@157853da]" started-at="2019-12-29T19:07:16 IST" name="nativeAppAndroid1" finished-at="2019-12-29T19:07:16 IST" duration-ms="2" status="PASS">
          <reporter-output>
          </reporter-output>
        </test-method> <!-- nativeAppAndroid1 -->
      </class> <!-- TestCases.MyAppiumTest -->
    </test> <!-- Test -->
  </suite> <!-- Suite -->
</testng-results>
