<?xml version="1.0" encoding="UTF-8"?>
<!-- Generated by org.testng.reporters.JUnitXMLReporter -->
<testsuite ignored="0" hostname="DESKTOP-32DJGKR" failures="0" tests="14" name="Command line test" time="0.205" errors="0" timestamp="2019-12-29T19:52:25 IST">
  <testcase classname="TestCases.AppiumTest" name="iosApps" time="0.02"/>
  <testcase classname="TestCases.AppiumTest" name="nativeAppAndroid" time="0.0"/>
  <testcase classname="TestCases.MyAppiumTest" name="iosApp1s" time="0.001"/>
  <testcase classname="TestCases.MyAppiumTest" name="nativeAppAndroid1" time="0.001"/>
  <testcase classname="TestCases.MyRestAPITest" name="deleteTwitter1" time="0.0"/>
  <testcase classname="TestCases.MyRestAPITest" name="postJira1" time="0.007"/>
  <testcase classname="TestCases.RestAPITest" name="deleteTwitter" time="0.001"/>
  <testcase classname="TestCases.RestAPITest" name="postJira" time="0.001"/>
  <testcase classname="TestCases.SeleniumTest" name="iosApps" time="0.004"/>
  <testcase classname="TestCases.SeleniumTest" name="nativeAppAndroid" time="0.001"/>
  <testcase classname="TestCases.Test1" name="browserAutomation" time="0.001"/>
  <testcase classname="TestCases.Test1" name="uiELements" time="0.0"/>
  <testcase classname="TestCases.Test2" name="browserAutomation1" time="0.003"/>
  <testcase classname="TestCases.Test2" name="uiELements1" time="0.0"/>
</testsuite> <!-- Command line test -->
