<?xml version="1.0" encoding="UTF-8"?>
<testng-results ignored="0" total="14" passed="14" failed="0" skipped="0">
  <reporter-output>
  </reporter-output>
  <suite started-at="2019-12-29T19:52:25 IST" name="Command line suite" finished-at="2019-12-29T19:52:25 IST" duration-ms="205">
    <groups>
    </groups>
    <test started-at="2019-12-29T19:52:25 IST" name="Command line test" finished-at="2019-12-29T19:52:25 IST" duration-ms="205">
      <class name="TestCases.MyRestAPITest">
        <test-method signature="deleteTwitter1()[pri:0, instance:TestCases.MyRestAPITest@479d31f3]" started-at="2019-12-29T19:52:25 IST" name="deleteTwitter1" finished-at="2019-12-29T19:52:25 IST" duration-ms="0" status="PASS">
          <reporter-output>
          </reporter-output>
        </test-method> <!-- deleteTwitter1 -->
        <test-method signature="postJira1()[pri:0, instance:TestCases.MyRestAPITest@479d31f3]" started-at="2019-12-29T19:52:25 IST" name="postJira1" finished-at="2019-12-29T19:52:25 IST" duration-ms="7" status="PASS">
          <reporter-output>
          </reporter-output>
        </test-method> <!-- postJira1 -->
      </class> <!-- TestCases.MyRestAPITest -->
      <class name="TestCases.SeleniumTest">
        <test-method signature="iosApps()[pri:0, instance:TestCases.SeleniumTest@498d318c]" started-at="2019-12-29T19:52:25 IST" name="iosApps" finished-at="2019-12-29T19:52:25 IST" duration-ms="4" status="PASS">
          <reporter-output>
          </reporter-output>
        </test-method> <!-- iosApps -->
        <test-method signature="nativeAppAndroid()[pri:0, instance:TestCases.SeleniumTest@498d318c]" started-at="2019-12-29T19:52:25 IST" name="nativeAppAndroid" finished-at="2019-12-29T19:52:25 IST" duration-ms="1" status="PASS">
          <reporter-output>
          </reporter-output>
        </test-method> <!-- nativeAppAndroid -->
      </class> <!-- TestCases.SeleniumTest -->
      <class name="TestCases.MyAppiumTest">
        <test-method signature="iosApp1s()[pri:0, instance:TestCases.MyAppiumTest@333291e3]" started-at="2019-12-29T19:52:25 IST" name="iosApp1s" finished-at="2019-12-29T19:52:25 IST" duration-ms="1" status="PASS">
          <reporter-output>
          </reporter-output>
        </test-method> <!-- iosApp1s -->
        <test-method signature="nativeAppAndroid1()[pri:0, instance:TestCases.MyAppiumTest@333291e3]" started-at="2019-12-29T19:52:25 IST" name="nativeAppAndroid1" finished-at="2019-12-29T19:52:25 IST" duration-ms="1" status="PASS">
          <reporter-output>
          </reporter-output>
        </test-method> <!-- nativeAppAndroid1 -->
      </class> <!-- TestCases.MyAppiumTest -->
      <class name="TestCases.Test1">
        <test-method signature="browserAutomation()[pri:0, instance:TestCases.Test1@6e171cd7]" started-at="2019-12-29T19:52:25 IST" name="browserAutomation" finished-at="2019-12-29T19:52:25 IST" duration-ms="1" status="PASS">
          <reporter-output>
          </reporter-output>
        </test-method> <!-- browserAutomation -->
        <test-method signature="uiELements()[pri:0, instance:TestCases.Test1@6e171cd7]" started-at="2019-12-29T19:52:25 IST" name="uiELements" finished-at="2019-12-29T19:52:25 IST" duration-ms="0" status="PASS">
          <reporter-output>
          </reporter-output>
        </test-method> <!-- uiELements -->
      </class> <!-- TestCases.Test1 -->
      <class name="TestCases.Test2">
        <test-method signature="browserAutomation1()[pri:0, instance:TestCases.Test2@402bba4f]" started-at="2019-12-29T19:52:25 IST" name="browserAutomation1" finished-at="2019-12-29T19:52:25 IST" duration-ms="3" status="PASS">
          <reporter-output>
          </reporter-output>
        </test-method> <!-- browserAutomation1 -->
        <test-method signature="uiELements1()[pri:0, instance:TestCases.Test2@402bba4f]" started-at="2019-12-29T19:52:25 IST" name="uiELements1" finished-at="2019-12-29T19:52:25 IST" duration-ms="0" status="PASS">
          <reporter-output>
          </reporter-output>
        </test-method> <!-- uiELements1 -->
      </class> <!-- TestCases.Test2 -->
      <class name="TestCases.RestAPITest">
        <test-method signature="deleteTwitter()[pri:0, instance:TestCases.RestAPITest@40ef3420]" started-at="2019-12-29T19:52:25 IST" name="deleteTwitter" finished-at="2019-12-29T19:52:25 IST" duration-ms="1" status="PASS">
          <reporter-output>
          </reporter-output>
        </test-method> <!-- deleteTwitter -->
        <test-method signature="postJira()[pri:0, instance:TestCases.RestAPITest@40ef3420]" started-at="2019-12-29T19:52:25 IST" name="postJira" finished-at="2019-12-29T19:52:25 IST" duration-ms="1" status="PASS">
          <reporter-output>
          </reporter-output>
        </test-method> <!-- postJira -->
      </class> <!-- TestCases.RestAPITest -->
      <class name="TestCases.AppiumTest">
        <test-method signature="iosApps()[pri:0, instance:TestCases.AppiumTest@43195e57]" started-at="2019-12-29T19:52:25 IST" name="iosApps" finished-at="2019-12-29T19:52:25 IST" duration-ms="20" status="PASS">
          <reporter-output>
          </reporter-output>
        </test-method> <!-- iosApps -->
        <test-method signature="nativeAppAndroid()[pri:0, instance:TestCases.AppiumTest@43195e57]" started-at="2019-12-29T19:52:25 IST" name="nativeAppAndroid" finished-at="2019-12-29T19:52:25 IST" duration-ms="0" status="PASS">
          <reporter-output>
          </reporter-output>
        </test-method> <!-- nativeAppAndroid -->
      </class> <!-- TestCases.AppiumTest -->
    </test> <!-- Command line test -->
  </suite> <!-- Command line suite -->
</testng-results>
